<?xml version="1.0" encoding="UTF-8"?>
<!-- Generated by org.testng.reporters.JUnitXMLReporter -->
<testsuite ignored="0" hostname="DESKTOP-E7RH1QJ" failures="0" tests="3" name="Default test" time="2.739" errors="0" timestamp="2023-10-12T21:28:26 IST">
  <testcase classname="com.simplilearn.testpages.HomePageTest" name="titleTest" time="0.021"/>
  <testcase classname="com.simplilearn.testpages.HomePageTest" name="isAllCoursesTest" time="2.114"/>
  <testcase classname="com.simplilearn.testpages.HomePageTest" name="getAllCourses" time="0.539"/>
</testsuite> <!-- Default test -->
