<?xml version="1.0" encoding="UTF-8"?>
<!-- Generated by org.testng.reporters.JUnitXMLReporter -->
<testsuite ignored="2" hostname="DESKTOP-E7RH1QJ" failures="0" tests="3" name="TestHomePage" time="4.567" errors="0" timestamp="2023-10-12T21:59:39 IST">
  <testcase classname="com.simplilearn.testpages.HomePageTest" name="titleTest" time="0.017"/>
  <testcase classname="com.simplilearn.testpages.HomePageTest" name="isAllCoursesTest" time="2.077"/>
  <testcase classname="com.simplilearn.testpages.HomePageTest" name="getAllCourses" time="2.42"/>
  <testcase classname="com.simplilearn.base.BaseTest" name="@AfterSuite closeBrowser" time="0.0">
    <ignored/>
  </testcase> <!-- @AfterSuite closeBrowser -->
  <testcase classname="com.simplilearn.base.BaseTest" name="@BeforeSuite openBrowser" time="0.0">
    <ignored/>
  </testcase> <!-- @BeforeSuite openBrowser -->
</testsuite> <!-- TestHomePage -->
