<?xml version="1.0" encoding="UTF-8"?>
<testng-results ignored="2" total="5" passed="3" failed="0" skipped="0">
  <reporter-output>
  </reporter-output>
  <suite started-at="2023-10-12T21:59:34 IST" name="test" finished-at="2023-10-12T21:59:39 IST" duration-ms="4567">
    <groups>
    </groups>
    <test started-at="2023-10-12T21:59:34 IST" name="TestHomePage" finished-at="2023-10-12T21:59:39 IST" duration-ms="4567">
      <class name="com.simplilearn.base.BaseTest">
        <test-method is-config="true" signature="openBrowser()[pri:0, instance:com.simplilearn.base.BaseTest@2e385cce]" started-at="2023-10-12T21:59:27 IST" name="openBrowser" finished-at="2023-10-12T21:59:34 IST" duration-ms="6875" status="PASS">
          <reporter-output>
          </reporter-output>
        </test-method> <!-- openBrowser -->
        <test-method is-config="true" signature="closeBrowser()[pri:0, instance:com.simplilearn.base.BaseTest@2e385cce]" started-at="2023-10-12T21:59:39 IST" name="closeBrowser" finished-at="2023-10-12T21:59:39 IST" duration-ms="257" status="PASS">
          <reporter-output>
          </reporter-output>
        </test-method> <!-- closeBrowser -->
      </class> <!-- com.simplilearn.base.BaseTest -->
      <class name="com.simplilearn.testpages.HomePageTest">
        <test-method signature="titleTest()[pri:49, instance:com.simplilearn.testpages.HomePageTest@7d0b7e3c]" started-at="2023-10-12T21:59:34 IST" name="titleTest" finished-at="2023-10-12T21:59:34 IST" duration-ms="17" status="PASS">
          <reporter-output>
          </reporter-output>
        </test-method> <!-- titleTest -->
        <test-method signature="isAllCoursesTest()[pri:50, instance:com.simplilearn.testpages.HomePageTest@7d0b7e3c]" started-at="2023-10-12T21:59:34 IST" name="isAllCoursesTest" finished-at="2023-10-12T21:59:36 IST" duration-ms="2077" status="PASS">
          <reporter-output>
          </reporter-output>
        </test-method> <!-- isAllCoursesTest -->
        <test-method signature="getAllCourses()[pri:51, instance:com.simplilearn.testpages.HomePageTest@7d0b7e3c]" started-at="2023-10-12T21:59:36 IST" name="getAllCourses" finished-at="2023-10-12T21:59:39 IST" duration-ms="2420" status="PASS">
          <reporter-output>
          </reporter-output>
        </test-method> <!-- getAllCourses -->
      </class> <!-- com.simplilearn.testpages.HomePageTest -->
    </test> <!-- TestHomePage -->
  </suite> <!-- test -->
</testng-results>
